mode: set
github.com/efimovalex/wallet/rest/rest.go:38.36,42.16 3 0
github.com/efimovalex/wallet/rest/rest.go:48.2,63.32 6 0
github.com/efimovalex/wallet/rest/rest.go:42.16,46.3 2 0
github.com/efimovalex/wallet/rest/rest.go:67.29,70.15 3 0
github.com/efimovalex/wallet/rest/rest.go:74.2,74.54 1 0
github.com/efimovalex/wallet/rest/rest.go:80.2,81.33 2 0
github.com/efimovalex/wallet/rest/rest.go:85.2,85.12 1 0
github.com/efimovalex/wallet/rest/rest.go:70.15,72.3 1 0
github.com/efimovalex/wallet/rest/rest.go:74.54,78.3 2 0
github.com/efimovalex/wallet/rest/rest.go:81.33,83.3 1 0
github.com/efimovalex/wallet/rest/rest.go:89.78,106.2 5 1
github.com/efimovalex/wallet/rest/rest.go:109.87,116.2 4 1
github.com/efimovalex/wallet/rest/routes.go:7.29,18.2 7 0
github.com/efimovalex/wallet/rest/transactions.go:12.97,14.16 2 1
github.com/efimovalex/wallet/rest/transactions.go:18.2,25.16 4 1
github.com/efimovalex/wallet/rest/transactions.go:30.2,31.16 2 1
github.com/efimovalex/wallet/rest/transactions.go:36.2,39.4 1 1
github.com/efimovalex/wallet/rest/transactions.go:14.16,17.3 2 0
github.com/efimovalex/wallet/rest/transactions.go:25.16,28.3 2 0
github.com/efimovalex/wallet/rest/transactions.go:31.16,34.3 2 1
github.com/efimovalex/wallet/rest/transactions.go:43.97,45.16 2 1
github.com/efimovalex/wallet/rest/transactions.go:49.2,55.16 4 1
github.com/efimovalex/wallet/rest/transactions.go:60.2,61.16 2 1
github.com/efimovalex/wallet/rest/transactions.go:66.2,66.44 1 1
github.com/efimovalex/wallet/rest/transactions.go:45.16,48.3 2 0
github.com/efimovalex/wallet/rest/transactions.go:55.16,58.3 2 0
github.com/efimovalex/wallet/rest/transactions.go:61.16,64.3 2 0
github.com/efimovalex/wallet/rest/wallets.go:13.92,18.16 3 1
github.com/efimovalex/wallet/rest/wallets.go:23.2,26.16 3 1
github.com/efimovalex/wallet/rest/wallets.go:31.2,33.8 2 1
github.com/efimovalex/wallet/rest/wallets.go:18.16,21.3 2 0
github.com/efimovalex/wallet/rest/wallets.go:26.16,29.3 2 0
github.com/efimovalex/wallet/rest/wallets.go:37.90,39.16 2 1
github.com/efimovalex/wallet/rest/wallets.go:44.2,44.42 1 1
github.com/efimovalex/wallet/rest/wallets.go:39.16,42.3 2 0
github.com/efimovalex/wallet/rest/wallets.go:48.89,50.16 2 1
github.com/efimovalex/wallet/rest/wallets.go:55.2,56.16 2 1
github.com/efimovalex/wallet/rest/wallets.go:61.2,61.41 1 1
github.com/efimovalex/wallet/rest/wallets.go:50.16,53.3 2 0
github.com/efimovalex/wallet/rest/wallets.go:56.16,59.3 2 0
github.com/efimovalex/wallet/rest/filters.go:10.60,11.78 1 0
github.com/efimovalex/wallet/rest/filters.go:11.78,12.51 1 0
github.com/efimovalex/wallet/rest/filters.go:12.51,20.4 1 0
github.com/efimovalex/wallet/rest/filters.go:20.9,24.4 2 0
github.com/efimovalex/wallet/rest/healthcheck.go:10.91,12.2 1 0
