mode: set
github.com/efimovalex/wallet/rest/routes.go:7.29,17.2 6 0
github.com/efimovalex/wallet/rest/wallets.go:13.92,18.16 3 1
github.com/efimovalex/wallet/rest/wallets.go:23.2,26.16 3 1
github.com/efimovalex/wallet/rest/wallets.go:31.2,33.8 2 1
github.com/efimovalex/wallet/rest/wallets.go:18.16,21.3 2 0
github.com/efimovalex/wallet/rest/wallets.go:26.16,29.3 2 0
github.com/efimovalex/wallet/rest/wallets.go:37.90,40.16 2 1
github.com/efimovalex/wallet/rest/wallets.go:45.2,45.42 1 1
github.com/efimovalex/wallet/rest/wallets.go:40.16,43.3 2 0
github.com/efimovalex/wallet/rest/wallets.go:49.89,51.16 2 1
github.com/efimovalex/wallet/rest/wallets.go:56.2,57.16 2 1
github.com/efimovalex/wallet/rest/wallets.go:62.2,62.41 1 1
github.com/efimovalex/wallet/rest/wallets.go:51.16,54.3 2 0
github.com/efimovalex/wallet/rest/wallets.go:57.16,60.3 2 0
github.com/efimovalex/wallet/rest/wallets.go:66.97,68.16 2 1
github.com/efimovalex/wallet/rest/wallets.go:72.2,78.16 4 1
github.com/efimovalex/wallet/rest/wallets.go:83.2,84.16 2 1
github.com/efimovalex/wallet/rest/wallets.go:89.2,89.39 1 1
github.com/efimovalex/wallet/rest/wallets.go:68.16,71.3 2 0
github.com/efimovalex/wallet/rest/wallets.go:78.16,81.3 2 0
github.com/efimovalex/wallet/rest/wallets.go:84.16,87.3 2 1
github.com/efimovalex/wallet/rest/filters.go:10.60,11.78 1 0
github.com/efimovalex/wallet/rest/filters.go:11.78,12.51 1 0
github.com/efimovalex/wallet/rest/filters.go:12.51,20.4 1 0
github.com/efimovalex/wallet/rest/filters.go:20.9,24.4 2 0
github.com/efimovalex/wallet/rest/healthcheck.go:10.91,12.2 1 0
github.com/efimovalex/wallet/rest/rest.go:37.36,41.16 3 0
github.com/efimovalex/wallet/rest/rest.go:47.2,62.32 6 0
github.com/efimovalex/wallet/rest/rest.go:41.16,45.3 2 0
github.com/efimovalex/wallet/rest/rest.go:66.29,69.15 3 0
github.com/efimovalex/wallet/rest/rest.go:73.2,73.54 1 0
github.com/efimovalex/wallet/rest/rest.go:79.2,80.33 2 0
github.com/efimovalex/wallet/rest/rest.go:84.2,84.12 1 0
github.com/efimovalex/wallet/rest/rest.go:69.15,71.3 1 0
github.com/efimovalex/wallet/rest/rest.go:73.54,77.3 2 0
github.com/efimovalex/wallet/rest/rest.go:80.33,82.3 1 0
github.com/efimovalex/wallet/rest/rest.go:88.78,105.2 5 1
github.com/efimovalex/wallet/rest/rest.go:108.87,115.2 4 1
